mode: set
github.com/eaugusto7/gestaoClientes/models/login.go:11.43,12.50 1 1
github.com/eaugusto7/gestaoClientes/models/login.go:15.2,15.12 1 1
github.com/eaugusto7/gestaoClientes/models/login.go:12.50,14.3 1 0
github.com/eaugusto7/gestaoClientes/database/db.go:15.21,18.16 3 1
github.com/eaugusto7/gestaoClientes/database/db.go:18.16,20.3 1 0
github.com/eaugusto7/gestaoClientes/models/atendente.go:12.55,13.54 1 1
github.com/eaugusto7/gestaoClientes/models/atendente.go:16.2,16.12 1 1
github.com/eaugusto7/gestaoClientes/models/atendente.go:13.54,15.3 1 0
github.com/eaugusto7/gestaoClientes/models/produtos.go:15.52,16.53 1 1
github.com/eaugusto7/gestaoClientes/models/produtos.go:19.2,19.12 1 1
github.com/eaugusto7/gestaoClientes/models/produtos.go:16.53,18.3 1 0
github.com/eaugusto7/gestaoClientes/controllers/atendentes.go:19.45,23.2 3 1
github.com/eaugusto7/gestaoClientes/controllers/atendentes.go:34.45,39.23 4 1
github.com/eaugusto7/gestaoClientes/controllers/atendentes.go:44.2,44.40 1 1
github.com/eaugusto7/gestaoClientes/controllers/atendentes.go:39.23,43.3 2 0
github.com/eaugusto7/gestaoClientes/controllers/atendentes.go:56.47,62.23 4 0
github.com/eaugusto7/gestaoClientes/controllers/atendentes.go:67.2,67.40 1 0
github.com/eaugusto7/gestaoClientes/controllers/atendentes.go:62.23,66.3 2 0
github.com/eaugusto7/gestaoClientes/controllers/atendentes.go:80.44,83.63 2 1
github.com/eaugusto7/gestaoClientes/controllers/atendentes.go:89.2,89.68 1 1
github.com/eaugusto7/gestaoClientes/controllers/atendentes.go:95.2,96.40 2 1
github.com/eaugusto7/gestaoClientes/controllers/atendentes.go:83.63,87.3 2 0
github.com/eaugusto7/gestaoClientes/controllers/atendentes.go:89.68,93.3 2 0
github.com/eaugusto7/gestaoClientes/controllers/atendentes.go:110.44,116.63 4 1
github.com/eaugusto7/gestaoClientes/controllers/atendentes.go:122.2,122.23 1 1
github.com/eaugusto7/gestaoClientes/controllers/atendentes.go:128.2,129.40 2 1
github.com/eaugusto7/gestaoClientes/controllers/atendentes.go:116.63,120.3 2 0
github.com/eaugusto7/gestaoClientes/controllers/atendentes.go:122.23,126.3 2 0
github.com/eaugusto7/gestaoClientes/controllers/atendentes.go:141.44,149.2 4 1
github.com/eaugusto7/gestaoClientes/controllers/servicos.go:18.43,22.2 3 1
github.com/eaugusto7/gestaoClientes/controllers/servicos.go:33.44,38.21 4 1
github.com/eaugusto7/gestaoClientes/controllers/servicos.go:44.2,44.38 1 1
github.com/eaugusto7/gestaoClientes/controllers/servicos.go:38.21,42.3 2 0
github.com/eaugusto7/gestaoClientes/controllers/servicos.go:57.42,59.61 2 1
github.com/eaugusto7/gestaoClientes/controllers/servicos.go:65.2,65.64 1 1
github.com/eaugusto7/gestaoClientes/controllers/servicos.go:70.2,71.38 2 1
github.com/eaugusto7/gestaoClientes/controllers/servicos.go:59.61,63.3 2 0
github.com/eaugusto7/gestaoClientes/controllers/servicos.go:65.64,69.3 2 0
github.com/eaugusto7/gestaoClientes/controllers/servicos.go:85.42,91.61 4 1
github.com/eaugusto7/gestaoClientes/controllers/servicos.go:97.2,97.21 1 1
github.com/eaugusto7/gestaoClientes/controllers/servicos.go:103.2,104.38 2 1
github.com/eaugusto7/gestaoClientes/controllers/servicos.go:91.61,95.3 2 0
github.com/eaugusto7/gestaoClientes/controllers/servicos.go:97.21,101.3 2 0
github.com/eaugusto7/gestaoClientes/controllers/servicos.go:116.42,123.2 4 1
github.com/eaugusto7/gestaoClientes/main.go:10.13,14.2 3 0
github.com/eaugusto7/gestaoClientes/models/atendimento.go:17.61,18.56 1 1
github.com/eaugusto7/gestaoClientes/models/atendimento.go:21.2,21.12 1 1
github.com/eaugusto7/gestaoClientes/models/atendimento.go:18.56,20.3 1 0
github.com/eaugusto7/gestaoClientes/models/cliente.go:18.50,19.52 1 1
github.com/eaugusto7/gestaoClientes/models/cliente.go:22.2,22.12 1 1
github.com/eaugusto7/gestaoClientes/models/cliente.go:19.52,21.3 1 0
github.com/eaugusto7/gestaoClientes/controllers/clientes.go:18.43,22.2 3 1
github.com/eaugusto7/gestaoClientes/controllers/clientes.go:33.43,38.21 4 1
github.com/eaugusto7/gestaoClientes/controllers/clientes.go:43.2,43.38 1 1
github.com/eaugusto7/gestaoClientes/controllers/clientes.go:38.21,42.3 2 0
github.com/eaugusto7/gestaoClientes/controllers/clientes.go:55.45,61.21 4 0
github.com/eaugusto7/gestaoClientes/controllers/clientes.go:66.2,66.38 1 0
github.com/eaugusto7/gestaoClientes/controllers/clientes.go:61.21,65.3 2 0
github.com/eaugusto7/gestaoClientes/controllers/clientes.go:79.42,81.61 2 1
github.com/eaugusto7/gestaoClientes/controllers/clientes.go:87.2,87.61 1 1
github.com/eaugusto7/gestaoClientes/controllers/clientes.go:92.2,93.38 2 1
github.com/eaugusto7/gestaoClientes/controllers/clientes.go:81.61,85.3 2 0
github.com/eaugusto7/gestaoClientes/controllers/clientes.go:87.61,91.3 2 0
github.com/eaugusto7/gestaoClientes/controllers/clientes.go:107.42,112.61 4 1
github.com/eaugusto7/gestaoClientes/controllers/clientes.go:118.2,118.21 1 1
github.com/eaugusto7/gestaoClientes/controllers/clientes.go:124.2,125.38 2 1
github.com/eaugusto7/gestaoClientes/controllers/clientes.go:112.61,116.3 2 0
github.com/eaugusto7/gestaoClientes/controllers/clientes.go:118.21,122.3 2 0
github.com/eaugusto7/gestaoClientes/controllers/clientes.go:137.42,144.2 4 1
github.com/eaugusto7/gestaoClientes/controllers/produtos.go:18.43,22.2 3 1
github.com/eaugusto7/gestaoClientes/controllers/produtos.go:33.43,39.21 4 1
github.com/eaugusto7/gestaoClientes/controllers/produtos.go:44.2,44.38 1 1
github.com/eaugusto7/gestaoClientes/controllers/produtos.go:39.21,43.3 2 0
github.com/eaugusto7/gestaoClientes/controllers/produtos.go:57.42,60.61 2 1
github.com/eaugusto7/gestaoClientes/controllers/produtos.go:66.2,66.65 1 1
github.com/eaugusto7/gestaoClientes/controllers/produtos.go:72.2,73.38 2 1
github.com/eaugusto7/gestaoClientes/controllers/produtos.go:60.61,64.3 2 0
github.com/eaugusto7/gestaoClientes/controllers/produtos.go:66.65,70.3 2 0
github.com/eaugusto7/gestaoClientes/controllers/produtos.go:87.42,93.61 4 1
github.com/eaugusto7/gestaoClientes/controllers/produtos.go:99.2,99.21 1 1
github.com/eaugusto7/gestaoClientes/controllers/produtos.go:105.2,106.38 2 1
github.com/eaugusto7/gestaoClientes/controllers/produtos.go:93.61,97.3 2 0
github.com/eaugusto7/gestaoClientes/controllers/produtos.go:99.21,103.3 2 0
github.com/eaugusto7/gestaoClientes/controllers/produtos.go:118.42,126.2 4 1
github.com/eaugusto7/gestaoClientes/controllers/quadroshorario.go:19.43,23.2 3 1
github.com/eaugusto7/gestaoClientes/controllers/quadroshorario.go:34.43,39.21 4 1
github.com/eaugusto7/gestaoClientes/controllers/quadroshorario.go:44.2,44.38 1 1
github.com/eaugusto7/gestaoClientes/controllers/quadroshorario.go:39.21,43.3 2 0
github.com/eaugusto7/gestaoClientes/controllers/quadroshorario.go:56.50,62.21 4 0
github.com/eaugusto7/gestaoClientes/controllers/quadroshorario.go:67.2,67.38 1 0
github.com/eaugusto7/gestaoClientes/controllers/quadroshorario.go:62.21,66.3 2 0
github.com/eaugusto7/gestaoClientes/controllers/quadroshorario.go:80.48,83.61 2 1
github.com/eaugusto7/gestaoClientes/controllers/quadroshorario.go:88.2,89.38 2 1
github.com/eaugusto7/gestaoClientes/controllers/quadroshorario.go:83.61,87.3 2 0
github.com/eaugusto7/gestaoClientes/controllers/quadroshorario.go:103.43,109.61 4 1
github.com/eaugusto7/gestaoClientes/controllers/quadroshorario.go:115.2,115.21 1 1
github.com/eaugusto7/gestaoClientes/controllers/quadroshorario.go:121.2,122.38 2 1
github.com/eaugusto7/gestaoClientes/controllers/quadroshorario.go:109.61,113.3 2 0
github.com/eaugusto7/gestaoClientes/controllers/quadroshorario.go:115.21,119.3 2 0
github.com/eaugusto7/gestaoClientes/controllers/quadroshorario.go:134.42,142.2 4 1
github.com/eaugusto7/gestaoClientes/docs/docs.go:1402.13,1404.2 1 1
github.com/eaugusto7/gestaoClientes/routes/routes.go:16.22,79.2 46 0
github.com/eaugusto7/gestaoClientes/models/servico.go:12.49,13.52 1 1
github.com/eaugusto7/gestaoClientes/models/servico.go:16.2,16.12 1 1
github.com/eaugusto7/gestaoClientes/models/servico.go:13.52,15.3 1 0
github.com/eaugusto7/gestaoClientes/controllers/atendimentos.go:19.47,23.2 3 1
github.com/eaugusto7/gestaoClientes/controllers/atendimentos.go:34.47,39.25 4 1
github.com/eaugusto7/gestaoClientes/controllers/atendimentos.go:45.2,45.42 1 1
github.com/eaugusto7/gestaoClientes/controllers/atendimentos.go:39.25,43.3 2 0
github.com/eaugusto7/gestaoClientes/controllers/atendimentos.go:57.54,63.2 4 1
github.com/eaugusto7/gestaoClientes/controllers/atendimentos.go:74.56,80.2 4 0
github.com/eaugusto7/gestaoClientes/controllers/atendimentos.go:91.54,97.2 4 0
github.com/eaugusto7/gestaoClientes/controllers/atendimentos.go:109.46,111.65 2 1
github.com/eaugusto7/gestaoClientes/controllers/atendimentos.go:116.2,116.72 1 1
github.com/eaugusto7/gestaoClientes/controllers/atendimentos.go:122.2,123.42 2 1
github.com/eaugusto7/gestaoClientes/controllers/atendimentos.go:111.65,115.3 2 0
github.com/eaugusto7/gestaoClientes/controllers/atendimentos.go:116.72,120.3 2 0
github.com/eaugusto7/gestaoClientes/controllers/atendimentos.go:137.46,142.65 4 1
github.com/eaugusto7/gestaoClientes/controllers/atendimentos.go:148.2,148.25 1 1
github.com/eaugusto7/gestaoClientes/controllers/atendimentos.go:154.2,155.42 2 1
github.com/eaugusto7/gestaoClientes/controllers/atendimentos.go:142.65,146.3 2 0
github.com/eaugusto7/gestaoClientes/controllers/atendimentos.go:148.25,152.3 2 0
github.com/eaugusto7/gestaoClientes/controllers/atendimentos.go:167.46,174.2 4 1
github.com/eaugusto7/gestaoClientes/controllers/login.go:21.40,28.39 4 1
github.com/eaugusto7/gestaoClientes/controllers/login.go:31.2,31.24 1 1
github.com/eaugusto7/gestaoClientes/controllers/login.go:36.2,36.32 1 1
github.com/eaugusto7/gestaoClientes/controllers/login.go:28.39,30.3 1 1
github.com/eaugusto7/gestaoClientes/controllers/login.go:31.24,34.3 2 0
github.com/eaugusto7/gestaoClientes/controllers/login.go:49.41,53.63 3 1
github.com/eaugusto7/gestaoClientes/controllers/login.go:59.2,67.42 5 1
github.com/eaugusto7/gestaoClientes/controllers/login.go:72.2,72.36 1 1
github.com/eaugusto7/gestaoClientes/controllers/login.go:53.63,57.3 2 0
github.com/eaugusto7/gestaoClientes/controllers/login.go:67.42,71.3 2 0
github.com/eaugusto7/gestaoClientes/controllers/login.go:86.40,89.59 2 1
github.com/eaugusto7/gestaoClientes/controllers/login.go:94.2,94.60 1 1
github.com/eaugusto7/gestaoClientes/controllers/login.go:100.2,105.36 5 1
github.com/eaugusto7/gestaoClientes/controllers/login.go:89.59,93.3 2 0
github.com/eaugusto7/gestaoClientes/controllers/login.go:94.60,98.3 2 0
github.com/eaugusto7/gestaoClientes/controllers/login.go:119.40,124.59 4 1
github.com/eaugusto7/gestaoClientes/controllers/login.go:130.2,130.19 1 1
github.com/eaugusto7/gestaoClientes/controllers/login.go:137.2,142.36 5 1
github.com/eaugusto7/gestaoClientes/controllers/login.go:124.59,128.3 2 0
github.com/eaugusto7/gestaoClientes/controllers/login.go:130.19,134.3 2 0
github.com/eaugusto7/gestaoClientes/controllers/login.go:154.40,161.2 4 1
